<html>
<body>
<pre>
<h1>µVision Build Log</h1>
<h2>Tool Versions:</h2>
IDE-Version: µVision V5.27.0.0
Copyright (C) 2018 ARM Ltd and ARM Germany GmbH. All rights reserved.
License Information: daniel dhs, aws, LIC=X1EY8-ME1VA-351B8-LZ91U-K0DQJ-A1N63
 
Tool Versions:
Toolchain:       MDK-ARM Professional  Version: 5.27.0.0
Toolchain Path:  C:\Keil_v5\ARM\ARMCC\Bin
C Compiler:      Armcc.exe V5.06 update 6 (build 750)
Assembler:       Armasm.exe V5.06 update 6 (build 750)
Linker/Locator:  ArmLink.exe V5.06 update 6 (build 750)
Library Manager: ArmAr.exe V5.06 update 6 (build 750)
Hex Converter:   FromElf.exe V5.06 update 6 (build 750)
CPU DLL:         SARMCM3.DLL V5.27.0.0
Dialog DLL:      DARMCM1.DLL V1.19.2.0
Target DLL:      Nu_Link.dll V2.05
Dialog DLL:      TARMCM1.DLL V1.14.1.0
 
<h2>Project:</h2>
C:\amazon-freertos-nuv\tests\nuvoton\numaker_iot_m487\keil\aws_tests.uvproj
Project File Date:  01/29/2019

<h2>Output:</h2>
*** Using Compiler 'V5.06 update 6 (build 750)', folder: 'C:\Keil_v5\ARM\ARMCC\Bin'
Rebuild target 'aws_demos'
assembling startup_M480.s...
compiling main.c...
..\..\..\..\lib\FreeRTOS-Plus-TCP\include\FreeRTOS_IP.h(102): error:  #5: cannot open source input file "pack_struct_start.h": No such file or directory
  #include "pack_struct_start.h"
..\common\application_code\main.c: 0 warnings, 1 error
compiling list.c...
compiling queue.c...
compiling tasks.c...
compiling timers.c...
compiling port.c...
compiling event_groups.c...
compiling stream_buffer.c...
compiling heap_4.c...
compiling system_M480.c...
compiling entropy_hardware_poll.c...
compiling clk.c...
compiling retarget.c...
compiling sys.c...
compiling uart.c...
compiling aws_dev_mode_key_provisioning.c...
..\common\config_files\aws_pkcs11_config.h(44): warning:  #1-D: last line of file ends without a newline
  #endif /* _AWS_PKCS11_CONFIG_H_ include guard. */
..\..\..\..\demos\common\devmode_key_provisioning\aws_dev_mode_key_provisioning.c: 1 warning, 0 errors
compiling aws_test_crypto.c...
compiling aws_test_framework.c...
compiling aws_test_helper_secure_connect.c...
compiling aws_logging_task_dynamic_buffers.c...
compiling aws_memory_leak.c...
compiling aws_test_mqtt_agent.c...
compiling aws_test_mqtt_lib.c...
compiling aws_test_pkcs11.c...
..\common\config_files\aws_pkcs11_config.h(44): warning:  #1-D: last line of file ends without a newline
  #endif /* _AWS_PKCS11_CONFIG_H_ include guard. */
..\..\..\common\pkcs11\aws_test_pkcs11.c(1053): warning:  #68-D: integer conversion resulted in a change of sign
      CK_SLOT_ID xSlotId = pkcs11testINVALID_SLOT_ID;
..\..\..\common\pkcs11\aws_test_pkcs11.c(1076): warning:  #68-D: integer conversion resulted in a change of sign
      TEST_ASSERT_NOT_EQUAL_MESSAGE( pkcs11testINVALID_SLOT_ID, xSlotId, "Invalid slot number." );
..\..\..\common\pkcs11\aws_test_pkcs11.c: 3 warnings, 0 errors
compiling aws_test_posix_clock.c...
compiling aws_test_posix_mqueue.c...
compiling crypto.c...
compiling aws_test_posix_pthread.c...
compiling aws_test_posix_semaphore.c...
compiling fmc.c...
compiling aws_test_posix_stress.c...
compiling aws_test_posix_timer.c...
compiling aws_test_posix_utils.c...
compiling aws_test_shadow.c...
compiling aws_test_runner.c...
compiling m480_eth.c...
"no source": Error:  #5: cannot open source input file "..\..\..\..\lib\FreeRTOS-Plus-TCP\source\portable\NetworkInterface\M487\m480_eth.c": No such file or directory
..\..\..\..\lib\FreeRTOS-Plus-TCP\source\portable\NetworkInterface\M487\m480_eth.c: 0 warnings, 1 error
compiling aws_test_tls.c...
compiling NetworkInterface.c...
"no source": Error:  #5: cannot open source input file "..\..\..\..\lib\FreeRTOS-Plus-TCP\source\portable\NetworkInterface\M487\NetworkInterface.c": No such file or directory
..\..\..\..\lib\FreeRTOS-Plus-TCP\source\portable\NetworkInterface\M487\NetworkInterface.c: 0 warnings, 1 error
compiling aws_test_tcp.c...
compiling BufferAllocation_1.c...
..\..\..\..\lib\FreeRTOS-Plus-TCP\include\FreeRTOS_IP.h(102): error:  #5: cannot open source input file "pack_struct_start.h": No such file or directory
  #include "pack_struct_start.h"
..\..\..\..\lib\FreeRTOS-Plus-TCP\source\portable\BufferManagement\BufferAllocation_1.c: 0 warnings, 1 error
compiling FreeRTOS_ARP.c...
..\..\..\..\lib\FreeRTOS-Plus-TCP\include\FreeRTOS_IP.h(102): error:  #5: cannot open source input file "pack_struct_start.h": No such file or directory
  #include "pack_struct_start.h"
..\..\..\..\lib\FreeRTOS-Plus-TCP\source\FreeRTOS_ARP.c: 0 warnings, 1 error
compiling FreeRTOS_DHCP.c...
..\..\..\..\lib\FreeRTOS-Plus-TCP\include\FreeRTOS_IP.h(102): error:  #5: cannot open source input file "pack_struct_start.h": No such file or directory
  #include "pack_struct_start.h"
..\..\..\..\lib\FreeRTOS-Plus-TCP\source\FreeRTOS_DHCP.c: 0 warnings, 1 error
compiling FreeRTOS_DNS.c...
..\..\..\..\lib\FreeRTOS-Plus-TCP\include\FreeRTOS_IP.h(102): error:  #5: cannot open source input file "pack_struct_start.h": No such file or directory
  #include "pack_struct_start.h"
..\..\..\..\lib\FreeRTOS-Plus-TCP\source\FreeRTOS_DNS.c: 0 warnings, 1 error
compiling FreeRTOS_IP.c...
..\..\..\..\lib\FreeRTOS-Plus-TCP\include\FreeRTOS_IP.h(102): error:  #5: cannot open source input file "pack_struct_start.h": No such file or directory
  #include "pack_struct_start.h"
..\..\..\..\lib\FreeRTOS-Plus-TCP\source\FreeRTOS_IP.c: 0 warnings, 1 error
compiling FreeRTOS_Sockets.c...
..\..\..\..\lib\FreeRTOS-Plus-TCP\include\FreeRTOS_IP.h(102): error:  #5: cannot open source input file "pack_struct_start.h": No such file or directory
  #include "pack_struct_start.h"
..\..\..\..\lib\FreeRTOS-Plus-TCP\source\FreeRTOS_Sockets.c: 0 warnings, 1 error
compiling FreeRTOS_Stream_Buffer.c...
..\..\..\..\lib\FreeRTOS-Plus-TCP\include\FreeRTOS_IP.h(102): error:  #5: cannot open source input file "pack_struct_start.h": No such file or directory
  #include "pack_struct_start.h"
..\..\..\..\lib\FreeRTOS-Plus-TCP\source\FreeRTOS_Stream_Buffer.c: 0 warnings, 1 error
compiling FreeRTOS_TCP_IP.c...
..\..\..\..\lib\FreeRTOS-Plus-TCP\include\FreeRTOS_IP.h(102): error:  #5: cannot open source input file "pack_struct_start.h": No such file or directory
  #include "pack_struct_start.h"
..\..\..\..\lib\FreeRTOS-Plus-TCP\source\FreeRTOS_TCP_IP.c: 0 warnings, 1 error
compiling FreeRTOS_TCP_WIN.c...
..\..\..\..\lib\FreeRTOS-Plus-TCP\include\FreeRTOS_IP.h(102): error:  #5: cannot open source input file "pack_struct_start.h": No such file or directory
  #include "pack_struct_start.h"
..\..\..\..\lib\FreeRTOS-Plus-TCP\source\FreeRTOS_TCP_WIN.c: 0 warnings, 1 error
compiling FreeRTOS_UDP_IP.c...
..\..\..\..\lib\FreeRTOS-Plus-TCP\include\FreeRTOS_IP.h(102): error:  #5: cannot open source input file "pack_struct_start.h": No such file or directory
  #include "pack_struct_start.h"
..\..\..\..\lib\FreeRTOS-Plus-TCP\source\FreeRTOS_UDP_IP.c: 0 warnings, 1 error
compiling aws_system_init.c...
compiling aws_bufferpool_static_thread_safe.c...
compiling aws_mqtt_agent.c...
compiling aws_secure_sockets.c...
..\..\..\..\lib\FreeRTOS-Plus-TCP\include\FreeRTOS_IP.h(102): error:  #5: cannot open source input file "pack_struct_start.h": No such file or directory
  #include "pack_struct_start.h"
..\..\..\..\lib\secure_sockets\portable\freertos_plus_tcp\aws_secure_sockets.c: 0 warnings, 1 error
compiling aws_mqtt_lib.c...
compiling aws_crypto.c...
compiling aws_pkcs11_mbedtls.c...
..\common\config_files\aws_pkcs11_config.h(44): warning:  #1-D: last line of file ends without a newline
  #endif /* _AWS_PKCS11_CONFIG_H_ include guard. */
..\..\..\..\lib\pkcs11\mbedtls\aws_pkcs11_mbedtls.c: 1 warning, 0 errors
compiling aesni.c...
compiling aes.c...
compiling arc4.c...
compiling asn1parse.c...
compiling asn1write.c...
compiling base64.c...
compiling blowfish.c...
compiling camellia.c...
compiling ccm.c...
compiling bignum.c...
compiling certs.c...
compiling cipher.c...
compiling cipher_wrap.c...
compiling cmac.c...
compiling debug.c...
compiling ctr_drbg.c...
compiling des.c...
compiling dhm.c...
compiling ecdh.c...
compiling ecdsa.c...
compiling ecjpake.c...
compiling ecp_curves.c...
compiling ecp.c...
compiling entropy.c...
compiling error.c...
compiling entropy_poll.c...
compiling havege.c...
compiling gcm.c...
compiling hmac_drbg.c...
compiling md_wrap.c...
compiling md.c...
compiling md2.c...
compiling md4.c...
compiling md5.c...
compiling memory_buffer_alloc.c...
compiling net_sockets.c...
compiling padlock.c...
compiling oid.c...
compiling pem.c...
compiling pk.c...
compiling pk_wrap.c...
compiling pkcs5.c...
compiling pkcs12.c...
compiling pkparse.c...
compiling pkwrite.c...
compiling ripemd160.c...
compiling platform.c...
compiling rsa_internal.c...
compiling rsa.c...
compiling sha1.c...
compiling aws_pkcs11_pal.c...
..\common\config_files\aws_pkcs11_config.h(44): warning:  #1-D: last line of file ends without a newline
  #endif /* _AWS_PKCS11_CONFIG_H_ include guard. */
..\..\..\..\lib\third_party\mcu_vendor\nuvoton\M480\Device\Nuvoton\M480\Include\M480.h(579): warning:  #47-D: incompatible redefinition of macro "TRUE"  (declared at line 27 of "..\..\..\..\lib\third_party\pkcs11\pkcs11t.h")
  #define TRUE           (1UL)      ///< Boolean true, define to use in API parameters or return value
..\..\..\..\lib\third_party\mcu_vendor\nuvoton\M480\Device\Nuvoton\M480\Include\M480.h(580): warning:  #47-D: incompatible redefinition of macro "FALSE"  (declared at line 23 of "..\..\..\..\lib\third_party\pkcs11\pkcs11t.h")
  #define FALSE          (0UL)      ///< Boolean false, define to use in API parameters or return value
..\..\..\..\lib\pkcs11\portable\nuvoton\m480\aws_pkcs11_pal.c(109): warning:  #68-D: integer conversion resulted in a change of sign
              return -1;                 /* data verify failed */
..\..\..\..\lib\pkcs11\portable\nuvoton\m480\aws_pkcs11_pal.c: 4 warnings, 0 errors
compiling sha512.c...
compiling sha256.c...
compiling ssl_cache.c...
compiling ssl_cookie.c...
compiling ssl_ciphersuites.c...
compiling ssl_srv.c...
compiling ssl_ticket.c...
compiling ssl_cli.c...
compiling threading.c...
compiling timing.c...
compiling version.c...
compiling version_features.c...
compiling x509_create.c...
compiling x509.c...
compiling x509_crl.c...
compiling ssl_tls.c...
compiling x509_csr.c...
compiling x509write_crt.c...
compiling x509write_csr.c...
compiling xtea.c...
compiling x509_crt.c...
compiling aws_greengrass_discovery.c...
compiling aws_tls.c...
..\common\config_files\aws_pkcs11_config.h(44): warning:  #1-D: last line of file ends without a newline
  #endif /* _AWS_PKCS11_CONFIG_H_ include guard. */
..\..\..\..\lib\tls\aws_tls.c: 1 warning, 0 errors
compiling aws_helper_secure_connect.c...
compiling aws_shadow_json.c...
..\common\config_files\aws_shadow_config.h(93): warning:  #1-D: last line of file ends without a newline
  #endif /* _AWS_SHADOW_CONFIG_H_ */
..\..\..\..\lib\shadow\aws_shadow_json.c: 1 warning, 0 errors
compiling aws_shadow.c...
..\common\config_files\aws_shadow_config.h(93): warning:  #1-D: last line of file ends without a newline
  #endif /* _AWS_SHADOW_CONFIG_H_ */
..\..\..\..\lib\shadow\aws_shadow.c: 1 warning, 0 errors
compiling unity.c...
compiling unity_fixture.c...
compiling FreeRTOS_POSIX_clock.c...
compiling FreeRTOS_POSIX_mqueue.c...
compiling FreeRTOS_POSIX_pthread_barrier.c...
compiling FreeRTOS_POSIX_pthread.c...
compiling FreeRTOS_POSIX_pthread_cond.c...
compiling FreeRTOS_POSIX_sched.c...
compiling FreeRTOS_POSIX_pthread_mutex.c...
compiling FreeRTOS_POSIX_semaphore.c...
compiling FreeRTOS_POSIX_unistd.c...
compiling FreeRTOS_POSIX_timer.c...
compiling jsmn.c...
compiling FreeRTOS_POSIX_utils.c...
".\obj\aws_tests.axf" - 14 Error(s), 12 Warning(s).
Target not created.
Build Time Elapsed:  00:00:22
</pre>
</body>
</html>
